0 info it worked if it ends with ok
1 verbose cli [ '/usr/local/bin/node', '/usr/local/bin/npm', 'run', 'tsc' ]
2 info using npm@4.1.2
3 info using node@v6.9.5
4 verbose run-script [ 'pretsc', 'tsc', 'posttsc' ]
5 info lifecycle firstTry@1.0.0~pretsc: firstTry@1.0.0
6 silly lifecycle firstTry@1.0.0~pretsc: no script for pretsc, continuing
7 info lifecycle firstTry@1.0.0~tsc: firstTry@1.0.0
8 verbose lifecycle firstTry@1.0.0~tsc: unsafe-perm in lifecycle true
9 verbose lifecycle firstTry@1.0.0~tsc: PATH: /usr/local/lib/node_modules/npm/bin/node-gyp-bin:/Users/johnarmbruster/Desktop/ng1ToNg2 2/node_modules/.bin:/usr/local/bin:/usr/bin:/bin:/usr/sbin:/sbin:/usr/local/share/dotnet
10 verbose lifecycle firstTry@1.0.0~tsc: CWD: /Users/johnarmbruster/Desktop/ng1ToNg2 2
11 silly lifecycle firstTry@1.0.0~tsc: Args: [ '-c', 'tsc main.ts' ]
12 silly lifecycle firstTry@1.0.0~tsc: Returned: code: 2  signal: null
13 info lifecycle firstTry@1.0.0~tsc: Failed to exec tsc script
14 verbose stack Error: firstTry@1.0.0 tsc: `tsc main.ts`
14 verbose stack Exit status 2
14 verbose stack     at EventEmitter.<anonymous> (/usr/local/lib/node_modules/npm/lib/utils/lifecycle.js:279:16)
14 verbose stack     at emitTwo (events.js:106:13)
14 verbose stack     at EventEmitter.emit (events.js:191:7)
14 verbose stack     at ChildProcess.<anonymous> (/usr/local/lib/node_modules/npm/lib/utils/spawn.js:40:14)
14 verbose stack     at emitTwo (events.js:106:13)
14 verbose stack     at ChildProcess.emit (events.js:191:7)
14 verbose stack     at maybeClose (internal/child_process.js:877:16)
14 verbose stack     at Process.ChildProcess._handle.onexit (internal/child_process.js:226:5)
15 verbose pkgid firstTry@1.0.0
16 verbose cwd /Users/johnarmbruster/Desktop/ng1ToNg2 2
17 error Darwin 16.4.0
18 error argv "/usr/local/bin/node" "/usr/local/bin/npm" "run" "tsc"
19 error node v6.9.5
20 error npm  v4.1.2
21 error code ELIFECYCLE
22 error firstTry@1.0.0 tsc: `tsc main.ts`
22 error Exit status 2
23 error Failed at the firstTry@1.0.0 tsc script 'tsc main.ts'.
23 error Make sure you have the latest version of node.js and npm installed.
23 error If you do, this is most likely a problem with the firstTry package,
23 error not with npm itself.
23 error Tell the author that this fails on your system:
23 error     tsc main.ts
23 error You can get information on how to open an issue for this project with:
23 error     npm bugs firstTry
23 error Or if that isn't available, you can get their info via:
23 error     npm owner ls firstTry
23 error There is likely additional logging output above.
24 verbose exit [ 1, true ]
